[ 2017-07-06T17:47:46+08:00 ] 127.0.0.1 /Public/js/modalEffects.js
INFO: [ app_init ] --START--
INFO: Run Behavior\BuildLiteBehavior [ RunTime:0.001260s ]
INFO: Run Common\Behavior\InitHookBehavior [ RunTime:0.024078s ]
INFO: [ app_init ] --END-- [ RunTime:0.037378s ]
ERR: 无法加载模块:Public

[ 2017-07-06T17:47:46+08:00 ] 127.0.0.1 /Public/js/classie.js
INFO: [ app_init ] --START--
INFO: Run Behavior\BuildLiteBehavior [ RunTime:0.001165s ]
INFO: Run Common\Behavior\InitHookBehavior [ RunTime:0.023134s ]
INFO: [ app_init ] --END-- [ RunTime:0.035498s ]
ERR: 无法加载模块:Public

[ 2017-07-06T17:47:46+08:00 ] 127.0.0.1 /Public/js/modalEffects.js
INFO: [ app_init ] --START--
INFO: Run Behavior\BuildLiteBehavior [ RunTime:0.001260s ]
INFO: Run Common\Behavior\InitHookBehavior [ RunTime:0.019649s ]
INFO: [ app_init ] --END-- [ RunTime:0.032548s ]
ERR: 无法加载模块:Public

[ 2017-07-06T17:50:20+08:00 ] 127.0.0.1 /Public/js/classie.js
INFO: [ app_init ] --START--
INFO: Run Behavior\BuildLiteBehavior [ RunTime:0.002533s ]
INFO: Run Common\Behavior\InitHookBehavior [ RunTime:0.027334s ]
INFO: [ app_init ] --END-- [ RunTime:0.047886s ]
ERR: 无法加载模块:Public

[ 2017-07-06T17:50:20+08:00 ] 127.0.0.1 /Public/js/modalEffects.js
INFO: [ app_init ] --START--
INFO: Run Behavior\BuildLiteBehavior [ RunTime:0.001623s ]
INFO: Run Common\Behavior\InitHookBehavior [ RunTime:0.029170s ]
INFO: [ app_init ] --END-- [ RunTime:0.049449s ]
ERR: 无法加载模块:Public

[ 2017-07-06T17:53:14+08:00 ] 127.0.0.1 /Public/kindeditor/kindeditor.js
INFO: [ app_init ] --START--
INFO: Run Behavior\BuildLiteBehavior [ RunTime:0.001811s ]
INFO: Run Common\Behavior\InitHookBehavior [ RunTime:0.059102s ]
INFO: [ app_init ] --END-- [ RunTime:0.079655s ]
ERR: 无法加载模块:Public

[ 2017-07-06T17:53:14+08:00 ] 127.0.0.1 /Public/kindeditor/lang/zh_CN.js
INFO: [ app_init ] --START--
INFO: Run Behavior\BuildLiteBehavior [ RunTime:0.001753s ]
INFO: Run Common\Behavior\InitHookBehavior [ RunTime:0.055952s ]
INFO: [ app_init ] --END-- [ RunTime:0.074715s ]
ERR: 无法加载模块:Public

[ 2017-07-06T17:54:01+08:00 ] 127.0.0.1 /Public/kindeditor/kindeditor.js
INFO: [ app_init ] --START--
INFO: Run Behavior\BuildLiteBehavior [ RunTime:0.005359s ]
INFO: Run Common\Behavior\InitHookBehavior [ RunTime:0.035768s ]
INFO: [ app_init ] --END-- [ RunTime:0.068509s ]
ERR: 无法加载模块:Public

[ 2017-07-06T17:54:01+08:00 ] 127.0.0.1 /Public/kindeditor/lang/zh_CN.js
INFO: [ app_init ] --START--
INFO: Run Behavior\BuildLiteBehavior [ RunTime:0.007025s ]
INFO: Run Common\Behavior\InitHookBehavior [ RunTime:0.032576s ]
INFO: [ app_init ] --END-- [ RunTime:0.067243s ]
ERR: 无法加载模块:Public

[ 2017-07-06T17:54:09+08:00 ] 127.0.0.1 /Public/kindeditor/lang/zh_CN.js
INFO: [ app_init ] --START--
INFO: Run Behavior\BuildLiteBehavior [ RunTime:0.002545s ]
INFO: Run Common\Behavior\InitHookBehavior [ RunTime:0.035442s ]
INFO: [ app_init ] --END-- [ RunTime:0.063417s ]
ERR: 无法加载模块:Public

[ 2017-07-06T17:54:09+08:00 ] 127.0.0.1 /Public/kindeditor/kindeditor.js
INFO: [ app_init ] --START--
INFO: Run Behavior\BuildLiteBehavior [ RunTime:0.001808s ]
INFO: Run Common\Behavior\InitHookBehavior [ RunTime:0.048165s ]
INFO: [ app_init ] --END-- [ RunTime:0.067737s ]
ERR: 无法加载模块:Public

[ 2017-07-06T17:54:10+08:00 ] 127.0.0.1 /Public/kindeditor/lang/zh_CN.js
INFO: [ app_init ] --START--
INFO: Run Behavior\BuildLiteBehavior [ RunTime:0.001395s ]
INFO: Run Common\Behavior\InitHookBehavior [ RunTime:0.023917s ]
INFO: [ app_init ] --END-- [ RunTime:0.038678s ]
ERR: 无法加载模块:Public

[ 2017-07-06T17:55:47+08:00 ] 127.0.0.1 /Public/static/kindeditor/lang/zh_CN.js
INFO: [ app_init ] --START--
INFO: Run Behavior\BuildLiteBehavior [ RunTime:0.002391s ]
INFO: Run Common\Behavior\InitHookBehavior [ RunTime:0.047780s ]
INFO: [ app_init ] --END-- [ RunTime:0.068974s ]
ERR: 无法加载模块:Public

[ 2017-07-06T17:55:47+08:00 ] 127.0.0.1 /Public/static/kindeditor/kindeditor.js
INFO: [ app_init ] --START--
INFO: Run Behavior\BuildLiteBehavior [ RunTime:0.001670s ]
INFO: Run Common\Behavior\InitHookBehavior [ RunTime:0.045936s ]
INFO: [ app_init ] --END-- [ RunTime:0.068458s ]
ERR: 无法加载模块:Public

[ 2017-07-06T17:55:47+08:00 ] 127.0.0.1 /Public/static/kindeditor/lang/zh_CN.js
INFO: [ app_init ] --START--
INFO: Run Behavior\BuildLiteBehavior [ RunTime:0.001525s ]
INFO: Run Common\Behavior\InitHookBehavior [ RunTime:0.026196s ]
INFO: [ app_init ] --END-- [ RunTime:0.042591s ]
ERR: 无法加载模块:Public

[ 2017-07-06T17:56:39+08:00 ] 127.0.0.1 /public/static/kindeditor/kindeditor.js
INFO: [ app_init ] --START--
INFO: Run Behavior\BuildLiteBehavior [ RunTime:0.001696s ]
INFO: Run Common\Behavior\InitHookBehavior [ RunTime:0.047840s ]
INFO: [ app_init ] --END-- [ RunTime:0.074786s ]
ERR: 无法加载模块:Public

[ 2017-07-06T17:56:39+08:00 ] 127.0.0.1 /public/static/kindeditor/lang/zh_CN.js
INFO: [ app_init ] --START--
INFO: Run Behavior\BuildLiteBehavior [ RunTime:0.002161s ]
INFO: Run Common\Behavior\InitHookBehavior [ RunTime:0.028318s ]
INFO: [ app_init ] --END-- [ RunTime:0.049330s ]
ERR: 无法加载模块:Public

[ 2017-07-06T17:57:19+08:00 ] 127.0.0.1 /public/static/kindeditor/themes/default/default.css
INFO: [ app_init ] --START--
INFO: Run Behavior\BuildLiteBehavior [ RunTime:0.001546s ]
INFO: Run Common\Behavior\InitHookBehavior [ RunTime:0.027133s ]
INFO: [ app_init ] --END-- [ RunTime:0.041152s ]
ERR: 无法加载模块:Public

[ 2017-07-06T17:57:19+08:00 ] 127.0.0.1 /public/static/kindeditor/kindeditor.js
INFO: [ app_init ] --START--
INFO: Run Behavior\BuildLiteBehavior [ RunTime:0.001461s ]
INFO: Run Common\Behavior\InitHookBehavior [ RunTime:0.051301s ]
INFO: [ app_init ] --END-- [ RunTime:0.069011s ]
ERR: 无法加载模块:Public

[ 2017-07-06T17:57:19+08:00 ] 127.0.0.1 /public/static/kindeditor/lang/zh_CN.js
INFO: [ app_init ] --START--
INFO: Run Behavior\BuildLiteBehavior [ RunTime:0.001278s ]
INFO: Run Common\Behavior\InitHookBehavior [ RunTime:0.024283s ]
INFO: [ app_init ] --END-- [ RunTime:0.038563s ]
ERR: 无法加载模块:Public

[ 2017-07-06T17:58:03+08:00 ] 127.0.0.1 /Public/static/kindeditor/lang/zh_CN.js
INFO: [ app_init ] --START--
INFO: Run Behavior\BuildLiteBehavior [ RunTime:0.001466s ]
INFO: Run Common\Behavior\InitHookBehavior [ RunTime:0.036514s ]
INFO: [ app_init ] --END-- [ RunTime:0.055430s ]
ERR: 无法加载模块:Public

[ 2017-07-06T17:58:03+08:00 ] 127.0.0.1 /Public/static/kindeditor/themes/default/default.css
INFO: [ app_init ] --START--
INFO: Run Behavior\BuildLiteBehavior [ RunTime:0.002703s ]
INFO: Run Common\Behavior\InitHookBehavior [ RunTime:0.052050s ]
INFO: [ app_init ] --END-- [ RunTime:0.076873s ]
ERR: 无法加载模块:Public

[ 2017-07-06T17:58:03+08:00 ] 127.0.0.1 /Public/static/kindeditor/kindeditor.js
INFO: [ app_init ] --START--
INFO: Run Behavior\BuildLiteBehavior [ RunTime:0.003163s ]
INFO: Run Common\Behavior\InitHookBehavior [ RunTime:0.054628s ]
INFO: [ app_init ] --END-- [ RunTime:0.077759s ]
ERR: 无法加载模块:Public

[ 2017-07-06T17:58:04+08:00 ] 127.0.0.1 /Public/static/kindeditor/lang/zh_CN.js
INFO: [ app_init ] --START--
INFO: Run Behavior\BuildLiteBehavior [ RunTime:0.001222s ]
INFO: Run Common\Behavior\InitHookBehavior [ RunTime:0.022914s ]
INFO: [ app_init ] --END-- [ RunTime:0.036910s ]
ERR: 无法加载模块:Public

[ 2017-07-06T17:58:16+08:00 ] 127.0.0.1 /Public/static/kindeditor/themes/default/default.css
INFO: [ app_init ] --START--
INFO: Run Behavior\BuildLiteBehavior [ RunTime:0.002068s ]
INFO: Run Common\Behavior\InitHookBehavior [ RunTime:0.030857s ]
INFO: [ app_init ] --END-- [ RunTime:0.051710s ]
ERR: 无法加载模块:Public

[ 2017-07-06T17:58:16+08:00 ] 127.0.0.1 /Public/static/kindeditor/kindeditor.js
INFO: [ app_init ] --START--
INFO: Run Behavior\BuildLiteBehavior [ RunTime:0.002116s ]
INFO: Run Common\Behavior\InitHookBehavior [ RunTime:0.029760s ]
INFO: [ app_init ] --END-- [ RunTime:0.050019s ]
ERR: 无法加载模块:Public

[ 2017-07-06T17:58:16+08:00 ] 127.0.0.1 /Public/static/kindeditor/lang/zh_CN.js
INFO: [ app_init ] --START--
INFO: Run Behavior\BuildLiteBehavior [ RunTime:0.001989s ]
INFO: Run Common\Behavior\InitHookBehavior [ RunTime:0.035462s ]
INFO: [ app_init ] --END-- [ RunTime:0.056642s ]
ERR: 无法加载模块:Public

[ 2017-07-06T17:59:30+08:00 ] 127.0.0.1 /Public/static/kindeditor/themes/default/default.css
INFO: [ app_init ] --START--
INFO: Run Behavior\BuildLiteBehavior [ RunTime:0.002567s ]
INFO: Run Common\Behavior\InitHookBehavior [ RunTime:0.067167s ]
INFO: [ app_init ] --END-- [ RunTime:0.096709s ]
ERR: 无法加载模块:Public

[ 2017-07-06T18:22:54+08:00 ] 127.0.0.1 /Public/uploadfy/uploadify.swf?preventswfcaching=1499336573804
INFO: [ app_init ] --START--
INFO: Run Behavior\BuildLiteBehavior [ RunTime:0.005273s ]
INFO: Run Common\Behavior\InitHookBehavior [ RunTime:0.029246s ]
INFO: [ app_init ] --END-- [ RunTime:0.059678s ]
ERR: 无法加载模块:Public

[ 2017-07-06T18:22:54+08:00 ] 127.0.0.1 /Public/static/kindeditor/themes/default/default.css
INFO: [ app_init ] --START--
INFO: Run Behavior\BuildLiteBehavior [ RunTime:0.002833s ]
INFO: Run Common\Behavior\InitHookBehavior [ RunTime:0.042862s ]
INFO: [ app_init ] --END-- [ RunTime:0.069525s ]
ERR: 无法加载模块:Public

[ 2017-07-06T18:22:54+08:00 ] 127.0.0.1 /Public/uploadfy/uploadify.swf?preventswfcaching=1499336573804
INFO: [ app_init ] --START--
INFO: Run Behavior\BuildLiteBehavior [ RunTime:0.002551s ]
INFO: Run Common\Behavior\InitHookBehavior [ RunTime:0.043361s ]
INFO: [ app_init ] --END-- [ RunTime:0.068033s ]
ERR: 无法加载模块:Public

[ 2017-07-06T18:23:09+08:00 ] 127.0.0.1 /Public/uploadfy/uploadify.swf?preventswfcaching=1499336589484
INFO: [ app_init ] --START--
INFO: Run Behavior\BuildLiteBehavior [ RunTime:0.001995s ]
INFO: Run Common\Behavior\InitHookBehavior [ RunTime:0.053665s ]
INFO: [ app_init ] --END-- [ RunTime:0.076077s ]
ERR: 无法加载模块:Public

[ 2017-07-06T18:23:09+08:00 ] 127.0.0.1 /Public/static/kindeditor/themes/default/default.css
INFO: [ app_init ] --START--
INFO: Run Behavior\BuildLiteBehavior [ RunTime:0.002765s ]
INFO: Run Common\Behavior\InitHookBehavior [ RunTime:0.044942s ]
INFO: [ app_init ] --END-- [ RunTime:0.069044s ]
ERR: 无法加载模块:Public

[ 2017-07-06T18:23:09+08:00 ] 127.0.0.1 /Public/uploadfy/uploadify.swf?preventswfcaching=1499336589484
INFO: [ app_init ] --START--
INFO: Run Behavior\BuildLiteBehavior [ RunTime:0.002166s ]
INFO: Run Common\Behavior\InitHookBehavior [ RunTime:0.078781s ]
INFO: [ app_init ] --END-- [ RunTime:0.115277s ]
ERR: 无法加载模块:Public

[ 2017-07-06T18:23:13+08:00 ] 127.0.0.1 /Public/uploadfy/uploadify.swf?preventswfcaching=1499336593358
INFO: [ app_init ] --START--
INFO: Run Behavior\BuildLiteBehavior [ RunTime:0.003820s ]
INFO: Run Common\Behavior\InitHookBehavior [ RunTime:0.056938s ]
INFO: [ app_init ] --END-- [ RunTime:0.088041s ]
ERR: 无法加载模块:Public

[ 2017-07-06T18:23:13+08:00 ] 127.0.0.1 /Public/uploadfy/uploadify.swf?preventswfcaching=1499336593358
INFO: [ app_init ] --START--
INFO: Run Behavior\BuildLiteBehavior [ RunTime:0.003978s ]
INFO: Run Common\Behavior\InitHookBehavior [ RunTime:0.074986s ]
INFO: [ app_init ] --END-- [ RunTime:0.102999s ]
ERR: 无法加载模块:Public

[ 2017-07-06T18:23:13+08:00 ] 127.0.0.1 /Public/static/kindeditor/themes/default/default.css
INFO: [ app_init ] --START--
INFO: Run Behavior\BuildLiteBehavior [ RunTime:0.004266s ]
INFO: Run Common\Behavior\InitHookBehavior [ RunTime:0.035335s ]
INFO: [ app_init ] --END-- [ RunTime:0.065055s ]
ERR: 无法加载模块:Public

[ 2017-07-06T18:49:49+08:00 ] 127.0.0.1 /Public/uploadfy/uploadify.swf?preventswfcaching=1499338188457
INFO: [ app_init ] --START--
INFO: Run Behavior\BuildLiteBehavior [ RunTime:0.001582s ]
INFO: Run Common\Behavior\InitHookBehavior [ RunTime:0.021937s ]
INFO: [ app_init ] --END-- [ RunTime:0.037602s ]
ERR: 无法加载模块:Public

[ 2017-07-06T18:49:49+08:00 ] 127.0.0.1 /Public/static/kindeditor/themes/default/default.css
INFO: [ app_init ] --START--
INFO: Run Behavior\BuildLiteBehavior [ RunTime:0.001532s ]
INFO: Run Common\Behavior\InitHookBehavior [ RunTime:0.027242s ]
INFO: [ app_init ] --END-- [ RunTime:0.042763s ]
ERR: 无法加载模块:Public

[ 2017-07-06T18:49:58+08:00 ] 127.0.0.1 /Public/uploadfy/uploadify.swf?preventswfcaching=1499338197687
INFO: [ app_init ] --START--
INFO: Run Behavior\BuildLiteBehavior [ RunTime:0.002123s ]
INFO: Run Common\Behavior\InitHookBehavior [ RunTime:0.033769s ]
INFO: [ app_init ] --END-- [ RunTime:0.055655s ]
ERR: 无法加载模块:Public

[ 2017-07-06T18:49:58+08:00 ] 127.0.0.1 /Public/static/kindeditor/themes/default/default.css
INFO: [ app_init ] --START--
INFO: Run Behavior\BuildLiteBehavior [ RunTime:0.001968s ]
INFO: Run Common\Behavior\InitHookBehavior [ RunTime:0.030130s ]
INFO: [ app_init ] --END-- [ RunTime:0.051977s ]
ERR: 无法加载模块:Public

[ 2017-07-06T18:50:04+08:00 ] 127.0.0.1 /Public/static/kindeditor/themes/default/default.css
INFO: [ app_init ] --START--
INFO: Run Behavior\BuildLiteBehavior [ RunTime:0.001788s ]
INFO: Run Common\Behavior\InitHookBehavior [ RunTime:0.029889s ]
INFO: [ app_init ] --END-- [ RunTime:0.048881s ]
ERR: 无法加载模块:Public

[ 2017-07-06T18:50:04+08:00 ] 127.0.0.1 /Public/uploadfy/uploadify.swf?preventswfcaching=1499338203930
INFO: [ app_init ] --START--
INFO: Run Behavior\BuildLiteBehavior [ RunTime:0.001589s ]
INFO: Run Common\Behavior\InitHookBehavior [ RunTime:0.037213s ]
INFO: [ app_init ] --END-- [ RunTime:0.053944s ]
ERR: 无法加载模块:Public

[ 2017-07-06T18:50:45+08:00 ] 127.0.0.1 /Public/uploadfy/uploadify.swf?preventswfcaching=1499338245091
INFO: [ app_init ] --START--
INFO: Run Behavior\BuildLiteBehavior [ RunTime:0.002367s ]
INFO: Run Common\Behavior\InitHookBehavior [ RunTime:0.042788s ]
INFO: [ app_init ] --END-- [ RunTime:0.098963s ]
ERR: 无法加载模块:Public

[ 2017-07-06T18:50:45+08:00 ] 127.0.0.1 /Public/uploadfy/uploadify.swf?preventswfcaching=1499338245091
INFO: [ app_init ] --START--
INFO: Run Behavior\BuildLiteBehavior [ RunTime:0.002128s ]
INFO: Run Common\Behavior\InitHookBehavior [ RunTime:0.050386s ]
INFO: [ app_init ] --END-- [ RunTime:0.097122s ]
ERR: 无法加载模块:Public

[ 2017-07-06T18:50:45+08:00 ] 127.0.0.1 /Public/static/kindeditor/themes/default/default.css
INFO: [ app_init ] --START--
INFO: Run Behavior\BuildLiteBehavior [ RunTime:0.002805s ]
INFO: Run Common\Behavior\InitHookBehavior [ RunTime:0.082098s ]
INFO: [ app_init ] --END-- [ RunTime:0.114515s ]
ERR: 无法加载模块:Public

[ 2017-07-06T18:53:28+08:00 ] 127.0.0.1 /Public/uploadfy/uploadify.swf?preventswfcaching=1499338407923
INFO: [ app_init ] --START--
INFO: Run Behavior\BuildLiteBehavior [ RunTime:0.001968s ]
INFO: Run Common\Behavior\InitHookBehavior [ RunTime:0.064526s ]
INFO: [ app_init ] --END-- [ RunTime:0.085838s ]
ERR: 无法加载模块:Public

[ 2017-07-06T18:53:28+08:00 ] 127.0.0.1 /Public/uploadfy/uploadify.swf?preventswfcaching=1499338407923
INFO: [ app_init ] --START--
INFO: Run Behavior\BuildLiteBehavior [ RunTime:0.002230s ]
INFO: Run Common\Behavior\InitHookBehavior [ RunTime:0.064358s ]
INFO: [ app_init ] --END-- [ RunTime:0.097102s ]
ERR: 无法加载模块:Public

[ 2017-07-06T18:53:28+08:00 ] 127.0.0.1 /Public/static/kindeditor/themes/default/default.css
INFO: [ app_init ] --START--
INFO: Run Behavior\BuildLiteBehavior [ RunTime:0.002900s ]
INFO: Run Common\Behavior\InitHookBehavior [ RunTime:0.050264s ]
INFO: [ app_init ] --END-- [ RunTime:0.104660s ]
ERR: 无法加载模块:Public

[ 2017-07-06T18:56:08+08:00 ] 127.0.0.1 /Public/static/uploadfy/uploadify.swf?preventswfcaching=1499338568475
INFO: [ app_init ] --START--
INFO: Run Behavior\BuildLiteBehavior [ RunTime:0.001869s ]
INFO: Run Common\Behavior\InitHookBehavior [ RunTime:0.077099s ]
INFO: [ app_init ] --END-- [ RunTime:0.130930s ]
ERR: 无法加载模块:Public

[ 2017-07-06T18:56:09+08:00 ] 127.0.0.1 /Public/static/uploadfy/uploadify.swf?preventswfcaching=1499338568475
INFO: [ app_init ] --START--
INFO: Run Behavior\BuildLiteBehavior [ RunTime:0.003777s ]
INFO: Run Common\Behavior\InitHookBehavior [ RunTime:0.049297s ]
INFO: [ app_init ] --END-- [ RunTime:0.112904s ]
ERR: 无法加载模块:Public

[ 2017-07-06T18:56:09+08:00 ] 127.0.0.1 /Public/static/kindeditor/themes/default/default.css
INFO: [ app_init ] --START--
INFO: Run Behavior\BuildLiteBehavior [ RunTime:0.001557s ]
INFO: Run Common\Behavior\InitHookBehavior [ RunTime:0.082896s ]
INFO: [ app_init ] --END-- [ RunTime:0.146559s ]
ERR: 无法加载模块:Public

[ 2017-07-06T18:56:26+08:00 ] 127.0.0.1 /Public/static/kindeditor/themes/default/default.css
INFO: [ app_init ] --START--
INFO: Run Behavior\BuildLiteBehavior [ RunTime:0.001207s ]
INFO: Run Common\Behavior\InitHookBehavior [ RunTime:0.021124s ]
INFO: [ app_init ] --END-- [ RunTime:0.034273s ]
ERR: 无法加载模块:Public

[ 2017-07-06T18:57:47+08:00 ] 127.0.0.1 /Public/static/uploadfy/uploadify.swf?preventswfcaching=1499338666708
INFO: [ app_init ] --START--
INFO: Run Behavior\BuildLiteBehavior [ RunTime:0.002434s ]
INFO: Run Common\Behavior\InitHookBehavior [ RunTime:0.059783s ]
INFO: [ app_init ] --END-- [ RunTime:0.105989s ]
ERR: 无法加载模块:Public

[ 2017-07-06T18:57:47+08:00 ] 127.0.0.1 /Public/static/kindeditor/themes/default/default.css
INFO: [ app_init ] --START--
INFO: Run Behavior\BuildLiteBehavior [ RunTime:0.004989s ]
INFO: Run Common\Behavior\InitHookBehavior [ RunTime:0.056241s ]
INFO: [ app_init ] --END-- [ RunTime:0.083520s ]
ERR: 无法加载模块:Public

[ 2017-07-06T18:57:47+08:00 ] 127.0.0.1 /Public/static/uploadfy/uploadify.swf?preventswfcaching=1499338666708
INFO: [ app_init ] --START--
INFO: Run Behavior\BuildLiteBehavior [ RunTime:0.012588s ]
INFO: Run Common\Behavior\InitHookBehavior [ RunTime:0.100335s ]
INFO: [ app_init ] --END-- [ RunTime:0.174633s ]
ERR: 无法加载模块:Public

[ 2017-07-06T18:58:46+08:00 ] 127.0.0.1 /Public/static/uploadfy/uploadify.swf?preventswfcaching=1499338726363
INFO: [ app_init ] --START--
INFO: Run Behavior\BuildLiteBehavior [ RunTime:0.001533s ]
INFO: Run Common\Behavior\InitHookBehavior [ RunTime:0.040367s ]
INFO: [ app_init ] --END-- [ RunTime:0.088906s ]
ERR: 无法加载模块:Public

[ 2017-07-06T18:58:46+08:00 ] 127.0.0.1 /Public/static/uploadfy/uploadify.swf?preventswfcaching=1499338726363
INFO: [ app_init ] --START--
INFO: Run Behavior\BuildLiteBehavior [ RunTime:0.001788s ]
INFO: Run Common\Behavior\InitHookBehavior [ RunTime:0.072472s ]
INFO: [ app_init ] --END-- [ RunTime:0.098418s ]
ERR: 无法加载模块:Public

[ 2017-07-06T18:58:46+08:00 ] 127.0.0.1 /Public/static/kindeditor/themes/default/default.css
INFO: [ app_init ] --START--
INFO: Run Behavior\BuildLiteBehavior [ RunTime:0.001750s ]
INFO: Run Common\Behavior\InitHookBehavior [ RunTime:0.073207s ]
INFO: [ app_init ] --END-- [ RunTime:0.118563s ]
ERR: 无法加载模块:Public

[ 2017-07-06T19:05:16+08:00 ] 127.0.0.1 /Public/static/kindeditor/themes/default/default.css
INFO: [ app_init ] --START--
INFO: Run Behavior\BuildLiteBehavior [ RunTime:0.004433s ]
INFO: Run Common\Behavior\InitHookBehavior [ RunTime:0.038313s ]
INFO: [ app_init ] --END-- [ RunTime:0.085396s ]
ERR: 无法加载模块:Public

[ 2017-07-06T19:08:01+08:00 ] 127.0.0.1 /Public/static/kindeditor/themes/default/default.css
INFO: [ app_init ] --START--
INFO: Run Behavior\BuildLiteBehavior [ RunTime:0.001813s ]
INFO: Run Common\Behavior\InitHookBehavior [ RunTime:0.058487s ]
INFO: [ app_init ] --END-- [ RunTime:0.099399s ]
ERR: 无法加载模块:Public

[ 2017-07-06T19:08:31+08:00 ] 127.0.0.1 /Public/static/kindeditor/themes/default/default.css
INFO: [ app_init ] --START--
INFO: Run Behavior\BuildLiteBehavior [ RunTime:0.002379s ]
INFO: Run Common\Behavior\InitHookBehavior [ RunTime:0.074753s ]
INFO: [ app_init ] --END-- [ RunTime:0.103904s ]
ERR: 无法加载模块:Public

[ 2017-07-06T19:13:21+08:00 ] 127.0.0.1 /Public/static/kindeditor/themes/default/default.css
INFO: [ app_init ] --START--
INFO: Run Behavior\BuildLiteBehavior [ RunTime:0.001471s ]
INFO: Run Common\Behavior\InitHookBehavior [ RunTime:0.087760s ]
INFO: [ app_init ] --END-- [ RunTime:0.107082s ]
ERR: 无法加载模块:Public

[ 2017-07-06T19:13:28+08:00 ] 127.0.0.1 /Application/Admin/uploadify
INFO: [ app_init ] --START--
INFO: Run Behavior\BuildLiteBehavior [ RunTime:0.001180s ]
INFO: Run Common\Behavior\InitHookBehavior [ RunTime:0.024842s ]
INFO: [ app_init ] --END-- [ RunTime:0.039825s ]
ERR: 无法加载模块:Application

[ 2017-07-06T19:13:33+08:00 ] 127.0.0.1 /Public/static/kindeditor/themes/default/default.css
INFO: [ app_init ] --START--
INFO: Run Behavior\BuildLiteBehavior [ RunTime:0.001398s ]
INFO: Run Common\Behavior\InitHookBehavior [ RunTime:0.021978s ]
INFO: [ app_init ] --END-- [ RunTime:0.037675s ]
ERR: 无法加载模块:Public

[ 2017-07-06T19:13:47+08:00 ] 127.0.0.1 /Application/Admin/uploadify
INFO: [ app_init ] --START--
INFO: Run Behavior\BuildLiteBehavior [ RunTime:0.001332s ]
INFO: Run Common\Behavior\InitHookBehavior [ RunTime:0.027696s ]
INFO: [ app_init ] --END-- [ RunTime:0.041743s ]
ERR: 无法加载模块:Application

[ 2017-07-06T19:15:24+08:00 ] 127.0.0.1 /Public/static/kindeditor/themes/default/default.css
INFO: [ app_init ] --START--
INFO: Run Behavior\BuildLiteBehavior [ RunTime:0.004722s ]
INFO: Run Common\Behavior\InitHookBehavior [ RunTime:0.048263s ]
INFO: [ app_init ] --END-- [ RunTime:0.125363s ]
ERR: 无法加载模块:Public

[ 2017-07-06T19:16:03+08:00 ] 127.0.0.1 /Public/static/kindeditor/themes/default/default.css
INFO: [ app_init ] --START--
INFO: Run Behavior\BuildLiteBehavior [ RunTime:0.001895s ]
INFO: Run Common\Behavior\InitHookBehavior [ RunTime:0.063492s ]
INFO: [ app_init ] --END-- [ RunTime:0.100009s ]
ERR: 无法加载模块:Public

[ 2017-07-06T19:17:32+08:00 ] 127.0.0.1 /Public/static/kindeditor/themes/default/default.css
INFO: [ app_init ] --START--
INFO: Run Behavior\BuildLiteBehavior [ RunTime:0.002315s ]
INFO: Run Common\Behavior\InitHookBehavior [ RunTime:0.064054s ]
INFO: [ app_init ] --END-- [ RunTime:0.098197s ]
ERR: 无法加载模块:Public

[ 2017-07-06T19:21:31+08:00 ] 127.0.0.1 /Public/static/kindeditor/themes/default/default.css
INFO: [ app_init ] --START--
INFO: Run Behavior\BuildLiteBehavior [ RunTime:0.003393s ]
INFO: Run Common\Behavior\InitHookBehavior [ RunTime:0.035617s ]
INFO: [ app_init ] --END-- [ RunTime:0.055607s ]
ERR: 无法加载模块:Public

[ 2017-07-06T19:32:37+08:00 ] 127.0.0.1 /Public/static/kindeditor/themes/default/default.css
INFO: [ app_init ] --START--
INFO: Run Behavior\BuildLiteBehavior [ RunTime:0.001417s ]
INFO: Run Common\Behavior\InitHookBehavior [ RunTime:0.047670s ]
INFO: [ app_init ] --END-- [ RunTime:0.064333s ]
ERR: 无法加载模块:Public

[ 2017-07-06T19:39:51+08:00 ] 127.0.0.1 /Public/static/kindeditor/themes/default/default.css
INFO: [ app_init ] --START--
INFO: Run Behavior\BuildLiteBehavior [ RunTime:0.001437s ]
INFO: Run Common\Behavior\InitHookBehavior [ RunTime:0.048238s ]
INFO: [ app_init ] --END-- [ RunTime:0.103883s ]
ERR: 无法加载模块:Public

[ 2017-07-06T19:40:29+08:00 ] 127.0.0.1 /Public/static/kindeditor/themes/default/default.css
INFO: [ app_init ] --START--
INFO: Run Behavior\BuildLiteBehavior [ RunTime:0.001344s ]
INFO: Run Common\Behavior\InitHookBehavior [ RunTime:0.040258s ]
INFO: [ app_init ] --END-- [ RunTime:0.060984s ]
ERR: 无法加载模块:Public

[ 2017-07-06T19:44:48+08:00 ] 127.0.0.1 /Public/static/kindeditor/themes/default/default.css
INFO: [ app_init ] --START--
INFO: Run Behavior\BuildLiteBehavior [ RunTime:0.003907s ]
INFO: Run Common\Behavior\InitHookBehavior [ RunTime:0.099761s ]
INFO: [ app_init ] --END-- [ RunTime:0.126161s ]
ERR: 无法加载模块:Public

[ 2017-07-06T19:44:52+08:00 ] 127.0.0.1 /Public/static/kindeditor/themes/default/default.css
INFO: [ app_init ] --START--
INFO: Run Behavior\BuildLiteBehavior [ RunTime:0.001325s ]
INFO: Run Common\Behavior\InitHookBehavior [ RunTime:0.028814s ]
INFO: [ app_init ] --END-- [ RunTime:0.044941s ]
ERR: 无法加载模块:Public

[ 2017-07-06T19:46:16+08:00 ] 127.0.0.1 /Public/static/kindeditor/themes/default/default.css
INFO: [ app_init ] --START--
INFO: Run Behavior\BuildLiteBehavior [ RunTime:0.001279s ]
INFO: Run Common\Behavior\InitHookBehavior [ RunTime:0.042771s ]
INFO: [ app_init ] --END-- [ RunTime:0.061882s ]
ERR: 无法加载模块:Public

[ 2017-07-06T19:47:44+08:00 ] 127.0.0.1 /Public/static/kindeditor/themes/default/default.css
INFO: [ app_init ] --START--
INFO: Run Behavior\BuildLiteBehavior [ RunTime:0.002034s ]
INFO: Run Common\Behavior\InitHookBehavior [ RunTime:0.065222s ]
INFO: [ app_init ] --END-- [ RunTime:0.087534s ]
ERR: 无法加载模块:Public

[ 2017-07-06T19:52:30+08:00 ] 127.0.0.1 /Public/static/kindeditor/themes/default/default.css
INFO: [ app_init ] --START--
INFO: Run Behavior\BuildLiteBehavior [ RunTime:0.002453s ]
INFO: Run Common\Behavior\InitHookBehavior [ RunTime:0.089699s ]
INFO: [ app_init ] --END-- [ RunTime:0.118822s ]
ERR: 无法加载模块:Public

[ 2017-07-06T19:52:52+08:00 ] 127.0.0.1 /Public/static/kindeditor/themes/default/default.css
INFO: [ app_init ] --START--
INFO: Run Behavior\BuildLiteBehavior [ RunTime:0.001412s ]
INFO: Run Common\Behavior\InitHookBehavior [ RunTime:0.048877s ]
INFO: [ app_init ] --END-- [ RunTime:0.123003s ]
ERR: 无法加载模块:Public

[ 2017-07-06T19:53:18+08:00 ] 127.0.0.1 /Public/static/kindeditor/themes/default/default.css
INFO: [ app_init ] --START--
INFO: Run Behavior\BuildLiteBehavior [ RunTime:0.005511s ]
INFO: Run Common\Behavior\InitHookBehavior [ RunTime:0.101404s ]
INFO: [ app_init ] --END-- [ RunTime:0.147032s ]
ERR: 无法加载模块:Public

[ 2017-07-06T19:53:21+08:00 ] 127.0.0.1 /'/Uploads/Picture/room/2017/07/06/595e24b16aaa7.jpg'
INFO: [ app_init ] --START--
INFO: Run Behavior\BuildLiteBehavior [ RunTime:0.001575s ]
INFO: Run Common\Behavior\InitHookBehavior [ RunTime:0.030136s ]
INFO: [ app_init ] --END-- [ RunTime:0.045799s ]
ERR: 无法加载模块:'

[ 2017-07-06T19:54:11+08:00 ] 127.0.0.1 /Public/static/kindeditor/themes/default/default.css
INFO: [ app_init ] --START--
INFO: Run Behavior\BuildLiteBehavior [ RunTime:0.001721s ]
INFO: Run Common\Behavior\InitHookBehavior [ RunTime:0.032919s ]
INFO: [ app_init ] --END-- [ RunTime:0.093483s ]
ERR: 无法加载模块:Public

[ 2017-07-06T19:54:48+08:00 ] 127.0.0.1 /Public/static/kindeditor/themes/default/default.css
INFO: [ app_init ] --START--
INFO: Run Behavior\BuildLiteBehavior [ RunTime:0.001598s ]
INFO: Run Common\Behavior\InitHookBehavior [ RunTime:0.052128s ]
INFO: [ app_init ] --END-- [ RunTime:0.079147s ]
ERR: 无法加载模块:Public

[ 2017-07-06T19:57:28+08:00 ] 127.0.0.1 /Public/static/kindeditor/themes/default/default.css
INFO: [ app_init ] --START--
INFO: Run Behavior\BuildLiteBehavior [ RunTime:0.004262s ]
INFO: Run Common\Behavior\InitHookBehavior [ RunTime:0.043236s ]
INFO: [ app_init ] --END-- [ RunTime:0.082412s ]
ERR: 无法加载模块:Public

[ 2017-07-06T19:57:35+08:00 ] 127.0.0.1 /Public/static/kindeditor/themes/default/default.css
INFO: [ app_init ] --START--
INFO: Run Behavior\BuildLiteBehavior [ RunTime:0.001522s ]
INFO: Run Common\Behavior\InitHookBehavior [ RunTime:0.034527s ]
INFO: [ app_init ] --END-- [ RunTime:0.050292s ]
ERR: 无法加载模块:Public

[ 2017-07-06T19:58:57+08:00 ] 127.0.0.1 /Public/static/kindeditor/themes/default/default.css
INFO: [ app_init ] --START--
INFO: Run Behavior\BuildLiteBehavior [ RunTime:0.001828s ]
INFO: Run Common\Behavior\InitHookBehavior [ RunTime:0.051490s ]
INFO: [ app_init ] --END-- [ RunTime:0.101439s ]
ERR: 无法加载模块:Public

[ 2017-07-06T20:01:12+08:00 ] 127.0.0.1 /Public/static/kindeditor/themes/default/default.css
INFO: [ app_init ] --START--
INFO: Run Behavior\BuildLiteBehavior [ RunTime:0.001947s ]
INFO: Run Common\Behavior\InitHookBehavior [ RunTime:0.026095s ]
INFO: [ app_init ] --END-- [ RunTime:0.046474s ]
ERR: 无法加载模块:Public

[ 2017-07-06T20:02:32+08:00 ] 127.0.0.1 /Public/static/kindeditor/themes/default/default.css
INFO: [ app_init ] --START--
INFO: Run Behavior\BuildLiteBehavior [ RunTime:0.001937s ]
INFO: Run Common\Behavior\InitHookBehavior [ RunTime:0.148565s ]
INFO: [ app_init ] --END-- [ RunTime:0.197070s ]
ERR: 无法加载模块:Public

[ 2017-07-06T20:03:05+08:00 ] 127.0.0.1 /Public/static/kindeditor/themes/default/default.css
INFO: [ app_init ] --START--
INFO: Run Behavior\BuildLiteBehavior [ RunTime:0.002766s ]
INFO: Run Common\Behavior\InitHookBehavior [ RunTime:0.050478s ]
INFO: [ app_init ] --END-- [ RunTime:0.100203s ]
ERR: 无法加载模块:Public

[ 2017-07-06T21:23:32+08:00 ] 127.0.0.1 /favicon.ico
INFO: [ app_init ] --START--
INFO: Run Behavior\BuildLiteBehavior [ RunTime:0.001304s ]
INFO: Run Common\Behavior\InitHookBehavior [ RunTime:0.021673s ]
INFO: [ app_init ] --END-- [ RunTime:0.035658s ]

[ 2017-07-06T21:35:58+08:00 ] 127.0.0.1 /Public/static/kindeditor/themes/default/default.css
INFO: [ app_init ] --START--
INFO: Run Behavior\BuildLiteBehavior [ RunTime:0.001346s ]
INFO: Run Common\Behavior\InitHookBehavior [ RunTime:0.023281s ]
INFO: [ app_init ] --END-- [ RunTime:0.039065s ]
ERR: 无法加载模块:Public

[ 2017-07-06T21:53:26+08:00 ] 127.0.0.1 /Public/static/kindeditor/themes/default/default.css
INFO: [ app_init ] --START--
INFO: Run Behavior\BuildLiteBehavior [ RunTime:0.001349s ]
INFO: Run Common\Behavior\InitHookBehavior [ RunTime:0.022887s ]
INFO: [ app_init ] --END-- [ RunTime:0.036823s ]
ERR: 无法加载模块:Public

[ 2017-07-06T21:54:48+08:00 ] 127.0.0.1 /Public/static/kindeditor/themes/default/default.css
INFO: [ app_init ] --START--
INFO: Run Behavior\BuildLiteBehavior [ RunTime:0.003366s ]
INFO: Run Common\Behavior\InitHookBehavior [ RunTime:0.078020s ]
INFO: [ app_init ] --END-- [ RunTime:0.112194s ]
ERR: 无法加载模块:Public

[ 2017-07-06T21:56:45+08:00 ] 127.0.0.1 /Public/static/kindeditor/themes/default/default.css
INFO: [ app_init ] --START--
INFO: Run Behavior\BuildLiteBehavior [ RunTime:0.002305s ]
INFO: Run Common\Behavior\InitHookBehavior [ RunTime:0.037982s ]
INFO: [ app_init ] --END-- [ RunTime:0.061529s ]
ERR: 无法加载模块:Public

[ 2017-07-06T21:57:12+08:00 ] 127.0.0.1 /Public/static/kindeditor/themes/default/default.css
INFO: [ app_init ] --START--
INFO: Run Behavior\BuildLiteBehavior [ RunTime:0.005859s ]
INFO: Run Common\Behavior\InitHookBehavior [ RunTime:0.038305s ]
INFO: [ app_init ] --END-- [ RunTime:0.074801s ]
ERR: 无法加载模块:Public

[ 2017-07-06T21:57:34+08:00 ] 127.0.0.1 /Public/static/kindeditor/themes/default/default.css
INFO: [ app_init ] --START--
INFO: Run Behavior\BuildLiteBehavior [ RunTime:0.003168s ]
INFO: Run Common\Behavior\InitHookBehavior [ RunTime:0.060944s ]
INFO: [ app_init ] --END-- [ RunTime:0.094559s ]
ERR: 无法加载模块:Public

[ 2017-07-06T21:58:57+08:00 ] 127.0.0.1 /Public/static/kindeditor/themes/default/default.css
INFO: [ app_init ] --START--
INFO: Run Behavior\BuildLiteBehavior [ RunTime:0.002262s ]
INFO: Run Common\Behavior\InitHookBehavior [ RunTime:0.106330s ]
INFO: [ app_init ] --END-- [ RunTime:0.187257s ]
ERR: 无法加载模块:Public

[ 2017-07-06T22:11:47+08:00 ] 127.0.0.1 /Public/static/kindeditor/themes/default/default.css
INFO: [ app_init ] --START--
INFO: Run Behavior\BuildLiteBehavior [ RunTime:0.003534s ]
INFO: Run Common\Behavior\InitHookBehavior [ RunTime:0.079191s ]
INFO: [ app_init ] --END-- [ RunTime:0.157211s ]
ERR: 无法加载模块:Public

[ 2017-07-06T22:12:42+08:00 ] 127.0.0.1 /Public/static/kindeditor/themes/default/default.css
INFO: [ app_init ] --START--
INFO: Run Behavior\BuildLiteBehavior [ RunTime:0.002908s ]
INFO: Run Common\Behavior\InitHookBehavior [ RunTime:0.072174s ]
INFO: [ app_init ] --END-- [ RunTime:0.097224s ]
ERR: 无法加载模块:Public

[ 2017-07-06T22:13:53+08:00 ] 127.0.0.1 /Public/static/kindeditor/themes/default/default.css
INFO: [ app_init ] --START--
INFO: Run Behavior\BuildLiteBehavior [ RunTime:0.002394s ]
INFO: Run Common\Behavior\InitHookBehavior [ RunTime:0.182811s ]
INFO: [ app_init ] --END-- [ RunTime:0.232179s ]
ERR: 无法加载模块:Public

[ 2017-07-06T22:15:31+08:00 ] 127.0.0.1 /Public/static/kindeditor/themes/default/default.css
INFO: [ app_init ] --START--
INFO: Run Behavior\BuildLiteBehavior [ RunTime:0.001891s ]
INFO: Run Common\Behavior\InitHookBehavior [ RunTime:0.052492s ]
INFO: [ app_init ] --END-- [ RunTime:0.078652s ]
ERR: 无法加载模块:Public

[ 2017-07-06T22:15:53+08:00 ] 127.0.0.1 /Public/static/kindeditor/themes/default/default.css
INFO: [ app_init ] --START--
INFO: Run Behavior\BuildLiteBehavior [ RunTime:0.002589s ]
INFO: Run Common\Behavior\InitHookBehavior [ RunTime:0.075502s ]
INFO: [ app_init ] --END-- [ RunTime:0.108349s ]
ERR: 无法加载模块:Public

[ 2017-07-06T22:17:59+08:00 ] 127.0.0.1 /Public/static/kindeditor/themes/default/default.css
INFO: [ app_init ] --START--
INFO: Run Behavior\BuildLiteBehavior [ RunTime:0.001360s ]
INFO: Run Common\Behavior\InitHookBehavior [ RunTime:0.030572s ]
INFO: [ app_init ] --END-- [ RunTime:0.054236s ]
ERR: 无法加载模块:Public

[ 2017-07-06T22:19:45+08:00 ] 127.0.0.1 /Public/static/kindeditor/themes/default/default.css
INFO: [ app_init ] --START--
INFO: Run Behavior\BuildLiteBehavior [ RunTime:0.006505s ]
INFO: Run Common\Behavior\InitHookBehavior [ RunTime:0.162134s ]
INFO: [ app_init ] --END-- [ RunTime:0.219890s ]
ERR: 无法加载模块:Public

[ 2017-07-06T22:21:50+08:00 ] 127.0.0.1 /Public/static/kindeditor/themes/default/default.css
INFO: [ app_init ] --START--
INFO: Run Behavior\BuildLiteBehavior [ RunTime:0.011682s ]
INFO: Run Common\Behavior\InitHookBehavior [ RunTime:0.138407s ]
INFO: [ app_init ] --END-- [ RunTime:0.204725s ]
ERR: 无法加载模块:Public

[ 2017-07-06T22:22:04+08:00 ] 127.0.0.1 /Public/static/kindeditor/themes/default/default.css
INFO: [ app_init ] --START--
INFO: Run Behavior\BuildLiteBehavior [ RunTime:0.002587s ]
INFO: Run Common\Behavior\InitHookBehavior [ RunTime:0.026299s ]
INFO: [ app_init ] --END-- [ RunTime:0.044078s ]
ERR: 无法加载模块:Public

[ 2017-07-06T22:22:52+08:00 ] 127.0.0.1 /Public/static/kindeditor/themes/default/default.css
INFO: [ app_init ] --START--
INFO: Run Behavior\BuildLiteBehavior [ RunTime:0.003478s ]
INFO: Run Common\Behavior\InitHookBehavior [ RunTime:0.068213s ]
INFO: [ app_init ] --END-- [ RunTime:0.102611s ]
ERR: 无法加载模块:Public

[ 2017-07-06T22:23:06+08:00 ] 127.0.0.1 /Public/static/kindeditor/themes/default/default.css
INFO: [ app_init ] --START--
INFO: Run Behavior\BuildLiteBehavior [ RunTime:0.004561s ]
INFO: Run Common\Behavior\InitHookBehavior [ RunTime:0.066493s ]
INFO: [ app_init ] --END-- [ RunTime:0.110904s ]
ERR: 无法加载模块:Public

[ 2017-07-06T22:23:26+08:00 ] 127.0.0.1 /Public/static/kindeditor/themes/default/default.css
INFO: [ app_init ] --START--
INFO: Run Behavior\BuildLiteBehavior [ RunTime:0.001363s ]
INFO: Run Common\Behavior\InitHookBehavior [ RunTime:0.041197s ]
INFO: [ app_init ] --END-- [ RunTime:0.062765s ]
ERR: 无法加载模块:Public

[ 2017-07-06T22:24:43+08:00 ] 127.0.0.1 /Public/static/kindeditor/themes/default/default.css
INFO: [ app_init ] --START--
INFO: Run Behavior\BuildLiteBehavior [ RunTime:0.001965s ]
INFO: Run Common\Behavior\InitHookBehavior [ RunTime:0.082059s ]
INFO: [ app_init ] --END-- [ RunTime:0.114183s ]
ERR: 无法加载模块:Public

